<?xml version="1.0" encoding="UTF-8"?>
<!-- Generated by org.testng.reporters.JUnitReportReporter -->
<testsuite hostname="God-Mode" failures="0" tests="4" name="TestRunner.Runner" time="21.062" errors="0" timestamp="2025-01-25T20:57:42 IST" skipped="0">
  <testcase classname="TestRunner.Runner" name="runScenario" time="0.314"/>
  <system-out/>
  <testcase classname="TestRunner.Runner" name="runScenario" time="0.756"/>
  <system-out/>
  <testcase classname="TestRunner.Runner" name="runScenario" time="18.538"/>
  <system-out/>
  <testcase classname="TestRunner.Runner" name="runScenario" time="1.454"/>
  <system-out/>
</testsuite> <!-- TestRunner.Runner -->
